android/app/build/intermediates/manifest_merge_blame_file/debug/manifest-merger-blame-debug-report.txt
1<?xml version="1.0" encoding="utf-8"?>
2<manifest xmlns:android="http://schemas.android.com/apk/res/android"
3    package="com.unibot"
4    android:versionCode="1"
5    android:versionName="1.0" >
6
7    <uses-sdk
8        android:minSdkVersion="21"
9        android:targetSdkVersion="33" />
10
11    <uses-permission android:name="android.permission.SYSTEM_ALERT_WINDOW" />
11-->src/debug/AndroidManifest.xml:5:5-77
11-->src/debug/AndroidManifest.xml:5:22-75
12    <uses-permission android:name="android.permission.INTERNET" />
12-->src/main/AndroidManifest.xml:3:5-67
12-->src/main/AndroidManifest.xml:3:22-64
13    <uses-permission android:name="android.permission.READ_EXTERNAL_STORAGE" />
13-->src/main/AndroidManifest.xml:4:5-80
13-->src/main/AndroidManifest.xml:4:22-77
14    <uses-permission android:name="android.permission.WRITE_EXTERNAL_STORAGE" />
14-->src/main/AndroidManifest.xml:5:5-81
14-->src/main/AndroidManifest.xml:5:22-78
15    <uses-permission android:name="android.permission.ACCESS_WIFI_STATE" />
15-->[com.facebook.flipper:flipper:0.125.0] AndroidManifest.xml:16:5-76
15-->[com.facebook.flipper:flipper:0.125.0] AndroidManifest.xml:16:22-73
16    <uses-permission android:name="android.permission.RECORD_AUDIO" />
16-->[:react-native-dialogflow] AndroidManifest.xml:9:5-71
16-->[:react-native-dialogflow] AndroidManifest.xml:9:22-68
17
18    <application
18-->src/main/AndroidManifest.xml:7:5-30:19
19        android:name="com.unibot.MainApplication"
19-->src/main/AndroidManifest.xml:9:7-38
20        android:allowBackup="false"
20-->src/main/AndroidManifest.xml:13:7-34
21        android:appComponentFactory="androidx.core.app.CoreComponentFactory"
21-->[androidx.core:core:1.7.0] AndroidManifest.xml:24:18-86
22        android:debuggable="true"
22-->src/main/AndroidManifest.xml:8:7-32
23        android:icon="@mipmap/ic_launcher"
23-->src/main/AndroidManifest.xml:11:7-41
24        android:label="@string/app_name"
24-->src/main/AndroidManifest.xml:10:7-39
25        android:roundIcon="@mipmap/ic_launcher_round"
25-->src/main/AndroidManifest.xml:12:7-52
26        android:supportsRtl="true"
26-->src/main/AndroidManifest.xml:14:7-33
27        android:theme="@style/AppTheme"
27-->src/main/AndroidManifest.xml:16:7-38
28        android:usesCleartextTraffic="true" >
28-->src/main/AndroidManifest.xml:15:7-42
29        <activity
29-->src/debug/AndroidManifest.xml:11:9-111
30            android:name="com.facebook.react.devsupport.DevSettingsActivity"
30-->src/debug/AndroidManifest.xml:11:19-83
31            android:exported="false" />
31-->src/debug/AndroidManifest.xml:11:84-108
32        <activity
32-->src/main/AndroidManifest.xml:17:7-29:18
33            android:name="com.unibot.MainActivity"
33-->src/main/AndroidManifest.xml:18:9-37
34            android:configChanges="keyboard|keyboardHidden|orientation|screenLayout|screenSize|smallestScreenSize|uiMode"
34-->src/main/AndroidManifest.xml:20:9-118
35            android:exported="true"
35-->src/main/AndroidManifest.xml:23:9-32
36            android:label="@string/app_name"
36-->src/main/AndroidManifest.xml:19:9-41
37            android:launchMode="singleTask"
37-->src/main/AndroidManifest.xml:21:9-40
38            android:windowSoftInputMode="adjustResize" >
38-->src/main/AndroidManifest.xml:22:9-51
39            <intent-filter>
39-->src/main/AndroidManifest.xml:24:9-28:25
40                <action android:name="android.intent.action.MAIN" />
40-->src/main/AndroidManifest.xml:25:13-65
40-->src/main/AndroidManifest.xml:25:21-62
41
42                <category android:name="android.intent.category.LAUNCHER" />
42-->src/main/AndroidManifest.xml:26:13-73
42-->src/main/AndroidManifest.xml:26:23-70
43
44                <action android:name="android.intent.action.DOWNLOAD_COMPLETE" />
44-->src/main/AndroidManifest.xml:27:13-77
44-->src/main/AndroidManifest.xml:27:21-75
45            </intent-filter>
46        </activity>
47
48        <provider
48-->[:react-native-image-picker] AndroidManifest.xml:10:9-18:20
49            android:name="com.imagepicker.ImagePickerProvider"
49-->[:react-native-image-picker] AndroidManifest.xml:11:13-63
50            android:authorities="com.unibot.imagepickerprovider"
50-->[:react-native-image-picker] AndroidManifest.xml:12:13-71
51            android:exported="false"
51-->[:react-native-image-picker] AndroidManifest.xml:13:13-37
52            android:grantUriPermissions="true" >
52-->[:react-native-image-picker] AndroidManifest.xml:14:13-47
53            <meta-data
53-->[:react-native-image-picker] AndroidManifest.xml:15:13-17:70
54                android:name="android.support.FILE_PROVIDER_PATHS"
54-->[:react-native-image-picker] AndroidManifest.xml:16:17-67
55                android:resource="@xml/imagepicker_provider_paths" />
55-->[:react-native-image-picker] AndroidManifest.xml:17:17-67
56        </provider>
57        <provider
57-->[:react-native-webview] AndroidManifest.xml:10:9-18:20
58            android:name="com.reactnativecommunity.webview.RNCWebViewFileProvider"
58-->[:react-native-webview] AndroidManifest.xml:11:13-83
59            android:authorities="com.unibot.fileprovider"
59-->[:react-native-webview] AndroidManifest.xml:12:13-64
60            android:exported="false"
60-->[:react-native-webview] AndroidManifest.xml:13:13-37
61            android:grantUriPermissions="true" >
61-->[:react-native-webview] AndroidManifest.xml:14:13-47
62            <meta-data
62-->[:react-native-image-picker] AndroidManifest.xml:15:13-17:70
63                android:name="android.support.FILE_PROVIDER_PATHS"
63-->[:react-native-image-picker] AndroidManifest.xml:16:17-67
64                android:resource="@xml/file_provider_paths" />
64-->[:react-native-image-picker] AndroidManifest.xml:17:17-67
65        </provider>
66        <provider
66-->[androidx.emoji2:emoji2:1.0.0] AndroidManifest.xml:26:9-34:20
67            android:name="androidx.startup.InitializationProvider"
67-->[androidx.emoji2:emoji2:1.0.0] AndroidManifest.xml:27:13-67
68            android:authorities="com.unibot.androidx-startup"
68-->[androidx.emoji2:emoji2:1.0.0] AndroidManifest.xml:28:13-68
69            android:exported="false" >
69-->[androidx.emoji2:emoji2:1.0.0] AndroidManifest.xml:29:13-37
70            <meta-data
70-->[androidx.emoji2:emoji2:1.0.0] AndroidManifest.xml:31:13-33:52
71                android:name="androidx.emoji2.text.EmojiCompatInitializer"
71-->[androidx.emoji2:emoji2:1.0.0] AndroidManifest.xml:32:17-75
72                android:value="androidx.startup" />
72-->[androidx.emoji2:emoji2:1.0.0] AndroidManifest.xml:33:17-49
73            <meta-data
73-->[androidx.lifecycle:lifecycle-process:2.4.0] AndroidManifest.xml:31:13-33:52
74                android:name="androidx.lifecycle.ProcessLifecycleInitializer"
74-->[androidx.lifecycle:lifecycle-process:2.4.0] AndroidManifest.xml:32:17-78
75                android:value="androidx.startup" />
75-->[androidx.lifecycle:lifecycle-process:2.4.0] AndroidManifest.xml:33:17-49
76        </provider>
77    </application>
78
79</manifest>